<?xml version="1.0" encoding="UTF-8"?>
<!-- Generated by org.testng.reporters.JUnitReportReporter -->
<testsuite skipped="0" hostname="DESKTOP-0H65ON5" name="com.agt.test.LoginTest" tests="3" failures="0" timestamp="27 Nov 2020 06:40:30 GMT" time="0.014" errors="0">
  <testcase name="negativeTest" time="0.013" classname="com.agt.test.LoginTest"/>
  <testcase name="positiveLoginTest" time="0.000" classname="com.agt.test.LoginTest"/>
  <testcase name="skipTest" time="0.001" classname="com.agt.test.LoginTest"/>
</testsuite> <!-- com.agt.test.LoginTest -->
